1543176982850	mozrunner::runner	INFO	Running command: "/usr/bin/firefox" "-marionette" "-headless" "-foreground" "-no-remote" "-profile" "/tmp/rust_mozprofile.vBtBFHKxbu1y"
*** You are running in headless mode.
1543176984632	Marionette	INFO	Listening on port 46031
1543176984666	Marionette	WARN	TLS certificate errors will be ignored for this session
1543176985927	Marionette	INFO	Stopped listening on port 46031
JavaScript error: resource://activity-stream/lib/TopSitesFeed.jsm, line 86: TypeError: setting getter-only property "_currentSearchHostname"
[Parent 11610, Gecko_IOThread] WARNING: pipe error (68): Connection reset by peer: file /builddir/firefox-63.0.3/ipc/chromium/src/chrome/common/ipc_channel_posix.cc, line 356
[Parent 11610, Gecko_IOThread] WARNING: pipe error (69): Connection reset by peer: file /builddir/firefox-63.0.3/ipc/chromium/src/chrome/common/ipc_channel_posix.cc, line 356
JavaScript error: resource://gre/modules/Sqlite.jsm, line 841: Error: Connection is not open.
1543177233311	mozrunner::runner	INFO	Running command: "/usr/bin/firefox" "-marionette" "-headless" "-foreground" "-no-remote" "-profile" "/tmp/rust_mozprofile.LFHpc5axNLh1"
*** You are running in headless mode.
1543177234792	Marionette	INFO	Listening on port 38193
1543177234824	Marionette	WARN	TLS certificate errors will be ignored for this session
console.error: BroadcastService: 
  receivedBroadcastMessage: handler for
  remote-settings/monitor_changes
  threw error:
  Message: Error: Polling for changes failed: NetworkError when attempting to fetch resource..
  Stack:
    remoteSettingsFunction/remoteSettings.pollChanges@resource://services-settings/remote-settings.js:721:13

1543177293918	mozrunner::runner	INFO	Running command: "/usr/bin/firefox" "-marionette" "-headless" "-foreground" "-no-remote" "-profile" "/tmp/rust_mozprofile.G6rQytAPXDdL"
*** You are running in headless mode.
1543177295462	Marionette	INFO	Listening on port 37869
1543177295526	Marionette	WARN	TLS certificate errors will be ignored for this session
console.error: BroadcastService: 
  receivedBroadcastMessage: handler for
  remote-settings/monitor_changes
  threw error:
  Message: Error: Polling for changes failed: NetworkError when attempting to fetch resource..
  Stack:
    remoteSettingsFunction/remoteSettings.pollChanges@resource://services-settings/remote-settings.js:721:13

1543177355123	mozrunner::runner	INFO	Running command: "/usr/bin/firefox" "-marionette" "-headless" "-foreground" "-no-remote" "-profile" "/tmp/rust_mozprofile.aqsnpsFUu3kn"
*** You are running in headless mode.
1543177356620	Marionette	INFO	Listening on port 38201
1543177356632	Marionette	WARN	TLS certificate errors will be ignored for this session
console.error: BroadcastService: 
  receivedBroadcastMessage: handler for
  remote-settings/monitor_changes
  threw error:
  Message: Error: Polling for changes failed: NetworkError when attempting to fetch resource..
  Stack:
    remoteSettingsFunction/remoteSettings.pollChanges@resource://services-settings/remote-settings.js:721:13

1543177417494	mozrunner::runner	INFO	Running command: "/usr/bin/firefox" "-marionette" "-headless" "-foreground" "-no-remote" "-profile" "/tmp/rust_mozprofile.zcH8wAFNsESi"
*** You are running in headless mode.
1543177419023	Marionette	INFO	Listening on port 37651
1543177419109	Marionette	WARN	TLS certificate errors will be ignored for this session
1543177420216	Marionette	INFO	Stopped listening on port 37651
JavaScript error: resource://activity-stream/lib/TopSitesFeed.jsm, line 86: TypeError: setting getter-only property "_currentSearchHostname"
[Child 15611, Chrome_ChildThread] WARNING: pipe error: Broken pipe: file /builddir/firefox-63.0.3/ipc/chromium/src/chrome/common/ipc_channel_posix.cc, line 729
[Child 15611, Chrome_ChildThread] WARNING: pipe error: Broken pipe: file /builddir/firefox-63.0.3/ipc/chromium/src/chrome/common/ipc_channel_posix.cc, line 729
[Child 15611, Chrome_ChildThread] WARNING: pipe error: Broken pipe: file /builddir/firefox-63.0.3/ipc/chromium/src/chrome/common/ipc_channel_posix.cc, line 729
[Child 15611, Chrome_ChildThread] WARNING: pipe error: Broken pipe: file /builddir/firefox-63.0.3/ipc/chromium/src/chrome/common/ipc_channel_posix.cc, line 729
[Child 15611, Chrome_ChildThread] WARNING: pipe error: Broken pipe: file /builddir/firefox-63.0.3/ipc/chromium/src/chrome/common/ipc_channel_posix.cc, line 729
[Child 15611, Chrome_ChildThread] WARNING: pipe error (3): Connection reset by peer: file /builddir/firefox-63.0.3/ipc/chromium/src/chrome/common/ipc_channel_posix.cc, line 356
[Parent 15450, Gecko_IOThread] WARNING: pipe error (32): Connection reset by peer: file /builddir/firefox-63.0.3/ipc/chromium/src/chrome/common/ipc_channel_posix.cc, line 356
JavaScript error: resource://gre/modules/Sqlite.jsm, line 841: Error: Connection is not open.
1543177519926	mozrunner::runner	INFO	Running command: "/usr/bin/firefox" "-marionette" "-headless" "-foreground" "-no-remote" "-profile" "/tmp/rust_mozprofile.lI1jnUiD2Ysa"
*** You are running in headless mode.
1543177521403	Marionette	INFO	Listening on port 43477
1543177521443	Marionette	WARN	TLS certificate errors will be ignored for this session
1543177523001	Marionette	INFO	Stopped listening on port 43477
JavaScript error: resource://activity-stream/lib/TopSitesFeed.jsm, line 86: TypeError: setting getter-only property "_currentSearchHostname"

###!!! [Child][RunMessage] Error: Channel closing: too late to send/recv, messages will be lost


###!!! [Child][RunMessage] Error: Channel closing: too late to send/recv, messages will be lost


###!!! [Child][RunMessage] Error: Channel closing: too late to send/recv, messages will be lost


###!!! [Child][RunMessage] Error: Channel closing: too late to send/recv, messages will be lost


###!!! [Child][RunMessage] Error: Channel closing: too late to send/recv, messages will be lost


###!!! [Child][RunMessage] Error: Channel closing: too late to send/recv, messages will be lost

[Parent 16352, Gecko_IOThread] WARNING: pipe error (32): Connection reset by peer: file /builddir/firefox-63.0.3/ipc/chromium/src/chrome/common/ipc_channel_posix.cc, line 356
JavaScript error: resource://gre/modules/Sqlite.jsm, line 841: Error: Connection is not open.
JavaScript error: resource://gre/modules/osfile/osfile_async_front.jsm, line 407: Error: OS.File has been shut down. Rejecting post to remove
JavaScript error: resource://gre/modules/osfile/osfile_async_front.jsm, line 407: Error: OS.File has been shut down. Rejecting post to remove
1543177697442	mozrunner::runner	INFO	Running command: "/usr/bin/firefox" "-marionette" "-headless" "-foreground" "-no-remote" "-profile" "/tmp/rust_mozprofile.uaK9VB6Qw7kp"
*** You are running in headless mode.
1543177698915	Marionette	INFO	Listening on port 46781
1543177698954	Marionette	WARN	TLS certificate errors will be ignored for this session
1543177700555	Marionette	INFO	Stopped listening on port 46781
JavaScript error: resource://activity-stream/lib/TopSitesFeed.jsm, line 86: TypeError: setting getter-only property "_currentSearchHostname"
1543177747747	mozrunner::runner	INFO	Running command: "/usr/bin/firefox" "-marionette" "-headless" "-foreground" "-no-remote" "-profile" "/tmp/rust_mozprofile.FIRw9lGj1SzE"
*** You are running in headless mode.
1543177749243	Marionette	INFO	Listening on port 35621
1543177749257	Marionette	WARN	TLS certificate errors will be ignored for this session
1543177752544	Marionette	INFO	Stopped listening on port 35621
[Parent 18342, Gecko_IOThread] WARNING: pipe error (32): Connection reset by peer: file /builddir/firefox-63.0.3/ipc/chromium/src/chrome/common/ipc_channel_posix.cc, line 356
1543177862223	mozrunner::runner	INFO	Running command: "/usr/bin/firefox" "-marionette" "-headless" "-foreground" "-no-remote" "-profile" "/tmp/rust_mozprofile.8x1qIPc7kgkT"
*** You are running in headless mode.
1543177863695	Marionette	INFO	Listening on port 39891
1543177863734	Marionette	WARN	TLS certificate errors will be ignored for this session
1543177866736	Marionette	INFO	Stopped listening on port 39891
[Parent 19316, Gecko_IOThread] WARNING: pipe error (69): Connection reset by peer: file /builddir/firefox-63.0.3/ipc/chromium/src/chrome/common/ipc_channel_posix.cc, line 356
[Parent 19316, Gecko_IOThread] WARNING: pipe error (68): Connection reset by peer: file /builddir/firefox-63.0.3/ipc/chromium/src/chrome/common/ipc_channel_posix.cc, line 356
1543177995535	mozrunner::runner	INFO	Running command: "/usr/bin/firefox" "-marionette" "-headless" "-foreground" "-no-remote" "-profile" "/tmp/rust_mozprofile.9DAnWH6XgMtE"
*** You are running in headless mode.
1543177997039	Marionette	INFO	Listening on port 38813
1543177997048	Marionette	WARN	TLS certificate errors will be ignored for this session
1543178001343	Marionette	INFO	Stopped listening on port 38813
[Parent 20602, Gecko_IOThread] WARNING: pipe error (75): Connection reset by peer: file /builddir/firefox-63.0.3/ipc/chromium/src/chrome/common/ipc_channel_posix.cc, line 356
1543178088384	mozrunner::runner	INFO	Running command: "/usr/bin/firefox" "-marionette" "-headless" "-foreground" "-no-remote" "-profile" "/tmp/rust_mozprofile.yCzz6534QsZ2"
*** You are running in headless mode.
1543178089855	Marionette	INFO	Listening on port 44297
1543178089892	Marionette	WARN	TLS certificate errors will be ignored for this session
console.error: BroadcastService: 
  receivedBroadcastMessage: handler for
  remote-settings/monitor_changes
  threw error:
  Message: Error: Polling for changes failed: NetworkError when attempting to fetch resource..
  Stack:
    remoteSettingsFunction/remoteSettings.pollChanges@resource://services-settings/remote-settings.js:721:13

1543178184029	mozrunner::runner	INFO	Running command: "/usr/bin/firefox" "-marionette" "-headless" "-foreground" "-no-remote" "-profile" "/tmp/rust_mozprofile.YzSvsK5WOXUZ"
*** You are running in headless mode.
1543178185568	Marionette	INFO	Listening on port 41035
1543178185637	Marionette	WARN	TLS certificate errors will be ignored for this session
console.error: BroadcastService: 
  receivedBroadcastMessage: handler for
  remote-settings/monitor_changes
  threw error:
  Message: Error: Polling for changes failed: NetworkError when attempting to fetch resource..
  Stack:
    remoteSettingsFunction/remoteSettings.pollChanges@resource://services-settings/remote-settings.js:721:13

1543178238812	mozrunner::runner	INFO	Running command: "/usr/bin/firefox" "-marionette" "-headless" "-foreground" "-no-remote" "-profile" "/tmp/rust_mozprofile.MkpXGUFrNcFb"
*** You are running in headless mode.
1543178240303	Marionette	INFO	Listening on port 33275
1543178240327	Marionette	WARN	TLS certificate errors will be ignored for this session
1543178245217	Marionette	INFO	Stopped listening on port 33275
[Parent 23132, Gecko_IOThread] WARNING: pipe error (69): Connection reset by peer: file /builddir/firefox-63.0.3/ipc/chromium/src/chrome/common/ipc_channel_posix.cc, line 356
[Parent 23132, Gecko_IOThread] WARNING: pipe error (32): Connection reset by peer: file /builddir/firefox-63.0.3/ipc/chromium/src/chrome/common/ipc_channel_posix.cc, line 356
1543178515113	mozrunner::runner	INFO	Running command: "/usr/bin/firefox" "-marionette" "-headless" "-foreground" "-no-remote" "-profile" "/tmp/rust_mozprofile.jbd9QfTeeAYR"
*** You are running in headless mode.
1543178516644	Marionette	INFO	Listening on port 37639
1543178516721	Marionette	WARN	TLS certificate errors will be ignored for this session
console.error: BroadcastService: 
  receivedBroadcastMessage: handler for
  remote-settings/monitor_changes
  threw error:
  Message: Error: Polling for changes failed: NetworkError when attempting to fetch resource..
  Stack:
    remoteSettingsFunction/remoteSettings.pollChanges@resource://services-settings/remote-settings.js:721:13

1543178550963	mozrunner::runner	INFO	Running command: "/usr/bin/firefox" "-marionette" "-headless" "-foreground" "-no-remote" "-profile" "/tmp/rust_mozprofile.ORO4zg01dXAS"
*** You are running in headless mode.
1543178552459	Marionette	INFO	Listening on port 36429
1543178552474	Marionette	WARN	TLS certificate errors will be ignored for this session
console.error: BroadcastService: 
  receivedBroadcastMessage: handler for
  remote-settings/monitor_changes
  threw error:
  Message: Error: Polling for changes failed: NetworkError when attempting to fetch resource..
  Stack:
    remoteSettingsFunction/remoteSettings.pollChanges@resource://services-settings/remote-settings.js:721:13

1543178627078	mozrunner::runner	INFO	Running command: "/usr/bin/firefox" "-marionette" "-headless" "-foreground" "-no-remote" "-profile" "/tmp/rust_mozprofile.qSGUss4RdMAo"
*** You are running in headless mode.
1543178628573	Marionette	INFO	Listening on port 38929
1543178628587	Marionette	WARN	TLS certificate errors will be ignored for this session
console.error: BroadcastService: 
  receivedBroadcastMessage: handler for
  remote-settings/monitor_changes
  threw error:
  Message: Error: Polling for changes failed: NetworkError when attempting to fetch resource..
  Stack:
    remoteSettingsFunction/remoteSettings.pollChanges@resource://services-settings/remote-settings.js:721:13

1543178667245	mozrunner::runner	INFO	Running command: "/usr/bin/firefox" "-marionette" "-headless" "-foreground" "-no-remote" "-profile" "/tmp/rust_mozprofile.inp5OYIE1wFW"
*** You are running in headless mode.
1543178668714	Marionette	INFO	Listening on port 37965
1543178668759	Marionette	WARN	TLS certificate errors will be ignored for this session
console.error: BroadcastService: 
  receivedBroadcastMessage: handler for
  remote-settings/monitor_changes
  threw error:
  Message: Error: Polling for changes failed: NetworkError when attempting to fetch resource..
  Stack:
    remoteSettingsFunction/remoteSettings.pollChanges@resource://services-settings/remote-settings.js:721:13

1543178699512	mozrunner::runner	INFO	Running command: "/usr/bin/firefox" "-marionette" "-headless" "-foreground" "-no-remote" "-profile" "/tmp/rust_mozprofile.rhTavRQPAZyQ"
*** You are running in headless mode.
1543178701047	Marionette	INFO	Listening on port 36469
1543178701124	Marionette	WARN	TLS certificate errors will be ignored for this session
1543178705245	Marionette	INFO	Stopped listening on port 36469
[Parent 27385, Gecko_IOThread] WARNING: pipe error (69): Connection reset by peer: file /builddir/firefox-63.0.3/ipc/chromium/src/chrome/common/ipc_channel_posix.cc, line 356
[Parent 27385, Gecko_IOThread] WARNING: pipe error (83): Connection reset by peer: file /builddir/firefox-63.0.3/ipc/chromium/src/chrome/common/ipc_channel_posix.cc, line 356
1543178807902	mozrunner::runner	INFO	Running command: "/usr/bin/firefox" "-marionette" "-headless" "-foreground" "-no-remote" "-profile" "/tmp/rust_mozprofile.07XUfgtzE0hJ"
*** You are running in headless mode.
1543178809574	Marionette	INFO	Listening on port 34407
1543178809610	Marionette	WARN	TLS certificate errors will be ignored for this session
1543178813181	Marionette	INFO	Stopped listening on port 34407
[Parent 28368, Gecko_IOThread] WARNING: pipe error (69): Connection reset by peer: file /builddir/firefox-63.0.3/ipc/chromium/src/chrome/common/ipc_channel_posix.cc, line 356
[Parent 28368, Gecko_IOThread] WARNING: pipe error (32): Connection reset by peer: file /builddir/firefox-63.0.3/ipc/chromium/src/chrome/common/ipc_channel_posix.cc, line 356
1543178880938	mozrunner::runner	INFO	Running command: "/usr/bin/firefox" "-marionette" "-headless" "-foreground" "-no-remote" "-profile" "/tmp/rust_mozprofile.j5s4W6Q3MwuQ"
*** You are running in headless mode.
1543178882434	Marionette	INFO	Listening on port 37365
1543178882448	Marionette	WARN	TLS certificate errors will be ignored for this session
console.error: BroadcastService: 
  receivedBroadcastMessage: handler for
  remote-settings/monitor_changes
  threw error:
  Message: Error: Polling for changes failed: NetworkError when attempting to fetch resource..
  Stack:
    remoteSettingsFunction/remoteSettings.pollChanges@resource://services-settings/remote-settings.js:721:13

1543178918930	mozrunner::runner	INFO	Running command: "/usr/bin/firefox" "-marionette" "-headless" "-foreground" "-no-remote" "-profile" "/tmp/rust_mozprofile.VflOshPjqkpD"
*** You are running in headless mode.
1543178920435	Marionette	INFO	Listening on port 41383
1543178920445	Marionette	WARN	TLS certificate errors will be ignored for this session
1543178925861	Marionette	INFO	Stopped listening on port 41383
[Parent 29660, Gecko_IOThread] WARNING: pipe error (69): Connection reset by peer: file /builddir/firefox-63.0.3/ipc/chromium/src/chrome/common/ipc_channel_posix.cc, line 356
[Parent 29660, Gecko_IOThread] WARNING: pipe error (68): Connection reset by peer: file /builddir/firefox-63.0.3/ipc/chromium/src/chrome/common/ipc_channel_posix.cc, line 356
1543178988392	mozrunner::runner	INFO	Running command: "/usr/bin/firefox" "-marionette" "-headless" "-foreground" "-no-remote" "-profile" "/tmp/rust_mozprofile.2o8MUkUlFIf3"
*** You are running in headless mode.
1543178989901	Marionette	INFO	Listening on port 43183
1543178990002	Marionette	WARN	TLS certificate errors will be ignored for this session
1543178992561	Marionette	INFO	Stopped listening on port 43183
[Parent 30344, Gecko_IOThread] WARNING: pipe error (69): Connection reset by peer: file /builddir/firefox-63.0.3/ipc/chromium/src/chrome/common/ipc_channel_posix.cc, line 356
[Parent 30344, Gecko_IOThread] WARNING: pipe error (32): Connection reset by peer: file /builddir/firefox-63.0.3/ipc/chromium/src/chrome/common/ipc_channel_posix.cc, line 356
1543179108217	mozrunner::runner	INFO	Running command: "/usr/bin/firefox" "-marionette" "-headless" "-foreground" "-no-remote" "-profile" "/tmp/rust_mozprofile.7MHTOq66uq1Z"
*** You are running in headless mode.
1543179109714	Marionette	INFO	Listening on port 34849
1543179109729	Marionette	WARN	TLS certificate errors will be ignored for this session
1543179114430	Marionette	INFO	Stopped listening on port 34849
[Parent 31426, Gecko_IOThread] WARNING: pipe error (69): Connection reset by peer: file /builddir/firefox-63.0.3/ipc/chromium/src/chrome/common/ipc_channel_posix.cc, line 356
[Parent 31426, Gecko_IOThread] WARNING: pipe error (75): Connection reset by peer: file /builddir/firefox-63.0.3/ipc/chromium/src/chrome/common/ipc_channel_posix.cc, line 356
1543179151880	mozrunner::runner	INFO	Running command: "/usr/bin/firefox" "-marionette" "-headless" "-foreground" "-no-remote" "-profile" "/tmp/rust_mozprofile.7PagIdXW9lr8"
*** You are running in headless mode.
1543179153771	Marionette	INFO	Listening on port 42395
1543179153795	Marionette	WARN	TLS certificate errors will be ignored for this session
1543179167047	mozrunner::runner	INFO	Running command: "/usr/bin/firefox" "-marionette" "-headless" "-foreground" "-no-remote" "-profile" "/tmp/rust_mozprofile.gNci1Ca0jPhs"
*** You are running in headless mode.
1543179168610	Marionette	INFO	Listening on port 45047
1543179168657	Marionette	WARN	TLS certificate errors will be ignored for this session
1543179171987	Marionette	INFO	Stopped listening on port 45047
[Parent 32380, Gecko_IOThread] WARNING: pipe error (69): Connection reset by peer: file /builddir/firefox-63.0.3/ipc/chromium/src/chrome/common/ipc_channel_posix.cc, line 356
[Parent 32380, Gecko_IOThread] WARNING: pipe error (68): Connection reset by peer: file /builddir/firefox-63.0.3/ipc/chromium/src/chrome/common/ipc_channel_posix.cc, line 356
console.error: BroadcastService: 
  receivedBroadcastMessage: handler for
  remote-settings/monitor_changes
  threw error:
  Message: Error: Polling for changes failed: NetworkError when attempting to fetch resource..
  Stack:
    remoteSettingsFunction/remoteSettings.pollChanges@resource://services-settings/remote-settings.js:721:13

1543179427212	mozrunner::runner	INFO	Running command: "/usr/bin/firefox" "-marionette" "-headless" "-foreground" "-no-remote" "-profile" "/tmp/rust_mozprofile.4BHcHHAmXl8j"
*** You are running in headless mode.
1543179429327	Marionette	INFO	Listening on port 33009
1543179429426	Marionette	WARN	TLS certificate errors will be ignored for this session
console.error: BroadcastService: 
  receivedBroadcastMessage: handler for
  remote-settings/monitor_changes
  threw error:
  Message: Error: Polling for changes failed: NetworkError when attempting to fetch resource..
  Stack:
    remoteSettingsFunction/remoteSettings.pollChanges@resource://services-settings/remote-settings.js:721:13

1543179514816	mozrunner::runner	INFO	Running command: "/usr/bin/firefox" "-marionette" "-headless" "-foreground" "-no-remote" "-profile" "/tmp/rust_mozprofile.lhnpjlLtWQpG"
*** You are running in headless mode.
1543179516322	Marionette	INFO	Listening on port 45509
1543179516424	Marionette	WARN	TLS certificate errors will be ignored for this session
console.error: BroadcastService: 
  receivedBroadcastMessage: handler for
  remote-settings/monitor_changes
  threw error:
  Message: Error: Polling for changes failed: NetworkError when attempting to fetch resource..
  Stack:
    remoteSettingsFunction/remoteSettings.pollChanges@resource://services-settings/remote-settings.js:721:13

1543179556547	mozrunner::runner	INFO	Running command: "/usr/bin/firefox" "-marionette" "-headless" "-foreground" "-no-remote" "-profile" "/tmp/rust_mozprofile.QdXARWget9ag"
*** You are running in headless mode.
1543179558187	Marionette	INFO	Listening on port 41859
1543179558269	Marionette	WARN	TLS certificate errors will be ignored for this session
1543179572500	mozrunner::runner	INFO	Running command: "/usr/bin/firefox" "-marionette" "-headless" "-foreground" "-no-remote" "-profile" "/tmp/rust_mozprofile.kGhATksNUywy"
*** You are running in headless mode.
1543179574112	Marionette	INFO	Listening on port 36029
1543179574210	Marionette	WARN	TLS certificate errors will be ignored for this session
console.error: BroadcastService: 
  receivedBroadcastMessage: handler for
  remote-settings/monitor_changes
  threw error:
  Message: Error: Polling for changes failed: NetworkError when attempting to fetch resource..
  Stack:
    remoteSettingsFunction/remoteSettings.pollChanges@resource://services-settings/remote-settings.js:721:13

console.error: BroadcastService: 
  receivedBroadcastMessage: handler for
  remote-settings/monitor_changes
  threw error:
  Message: Error: Polling for changes failed: NetworkError when attempting to fetch resource..
  Stack:
    remoteSettingsFunction/remoteSettings.pollChanges@resource://services-settings/remote-settings.js:721:13

1543179601485	Marionette	INFO	Stopped listening on port 36029
[Parent 3756, Gecko_IOThread] WARNING: pipe error (32): Connection reset by peer: file /builddir/firefox-63.0.3/ipc/chromium/src/chrome/common/ipc_channel_posix.cc, line 356
1543179721120	mozrunner::runner	INFO	Running command: "/usr/bin/firefox" "-marionette" "-headless" "-foreground" "-no-remote" "-profile" "/tmp/rust_mozprofile.4ulyEW3nVLBt"
*** You are running in headless mode.
1543179722610	Marionette	INFO	Listening on port 33105
1543179722636	Marionette	WARN	TLS certificate errors will be ignored for this session
1543179737925	Marionette	INFO	Stopped listening on port 33105
[Parent 4965, Gecko_IOThread] WARNING: pipe error (69): Connection reset by peer: file /builddir/firefox-63.0.3/ipc/chromium/src/chrome/common/ipc_channel_posix.cc, line 356
[Parent 4965, Gecko_IOThread] WARNING: pipe error (75): Connection reset by peer: file /builddir/firefox-63.0.3/ipc/chromium/src/chrome/common/ipc_channel_posix.cc, line 356
1543179829034	mozrunner::runner	INFO	Running command: "/usr/bin/firefox" "-marionette" "-headless" "-foreground" "-no-remote" "-profile" "/tmp/rust_mozprofile.roExw0rabUoE"
*** You are running in headless mode.
1543179830514	Marionette	INFO	Listening on port 35565
1543179830550	Marionette	WARN	TLS certificate errors will be ignored for this session
1543179842837	Marionette	INFO	Stopped listening on port 35565
[Parent 5952, Gecko_IOThread] WARNING: pipe error (75): Connection reset by peer: file /builddir/firefox-63.0.3/ipc/chromium/src/chrome/common/ipc_channel_posix.cc, line 356
1543179945010	mozrunner::runner	INFO	Running command: "/usr/bin/firefox" "-marionette" "-headless" "-foreground" "-no-remote" "-profile" "/tmp/rust_mozprofile.Kql9iOjE9jPe"
*** You are running in headless mode.
1543179946511	Marionette	INFO	Listening on port 34679
1543179946519	Marionette	WARN	TLS certificate errors will be ignored for this session
1543179959498	Marionette	INFO	Stopped listening on port 34679
[Parent 7008, Gecko_IOThread] WARNING: pipe error (69): Connection reset by peer: file /builddir/firefox-63.0.3/ipc/chromium/src/chrome/common/ipc_channel_posix.cc, line 356
[Parent 7008, Gecko_IOThread] WARNING: pipe error (75): Connection reset by peer: file /builddir/firefox-63.0.3/ipc/chromium/src/chrome/common/ipc_channel_posix.cc, line 356
1543180118234	mozrunner::runner	INFO	Running command: "/usr/bin/firefox" "-marionette" "-headless" "-foreground" "-no-remote" "-profile" "/tmp/rust_mozprofile.T5ZFLQpcJajC"
*** You are running in headless mode.
1543180119792	Marionette	INFO	Listening on port 42289
1543180119841	Marionette	WARN	TLS certificate errors will be ignored for this session
1543180133610	Marionette	INFO	Stopped listening on port 42289
[Parent 8346, Gecko_IOThread] WARNING: pipe error (69): Connection reset by peer: file /builddir/firefox-63.0.3/ipc/chromium/src/chrome/common/ipc_channel_posix.cc, line 356
[Parent 8346, Gecko_IOThread] WARNING: pipe error (75): Connection reset by peer: file /builddir/firefox-63.0.3/ipc/chromium/src/chrome/common/ipc_channel_posix.cc, line 356
1543180201059	mozrunner::runner	INFO	Running command: "/usr/bin/firefox" "-marionette" "-headless" "-foreground" "-no-remote" "-profile" "/tmp/rust_mozprofile.VN9CKmjfejbr"
*** You are running in headless mode.
1543180202563	Marionette	INFO	Listening on port 40119
1543180202572	Marionette	WARN	TLS certificate errors will be ignored for this session
1543180215190	Marionette	INFO	Stopped listening on port 40119
[Parent 9114, Gecko_IOThread] WARNING: pipe error (69): Connection reset by peer: file /builddir/firefox-63.0.3/ipc/chromium/src/chrome/common/ipc_channel_posix.cc, line 356
[Parent 9114, Gecko_IOThread] WARNING: pipe error (75): Connection reset by peer: file /builddir/firefox-63.0.3/ipc/chromium/src/chrome/common/ipc_channel_posix.cc, line 356
1543180366111	mozrunner::runner	INFO	Running command: "/usr/bin/firefox" "-marionette" "-headless" "-foreground" "-no-remote" "-profile" "/tmp/rust_mozprofile.FlOzueJ3Pe3u"
*** You are running in headless mode.
1543180367605	Marionette	INFO	Listening on port 45239
1543180367622	Marionette	WARN	TLS certificate errors will be ignored for this session
1543180377631	Marionette	INFO	Stopped listening on port 45239
[Parent 10391, Gecko_IOThread] WARNING: pipe error (69): Connection reset by peer: file /builddir/firefox-63.0.3/ipc/chromium/src/chrome/common/ipc_channel_posix.cc, line 356
[Parent 10391, Gecko_IOThread] WARNING: pipe error (32): Connection reset by peer: file /builddir/firefox-63.0.3/ipc/chromium/src/chrome/common/ipc_channel_posix.cc, line 356
1543180454631	mozrunner::runner	INFO	Running command: "/usr/bin/firefox" "-marionette" "-headless" "-foreground" "-no-remote" "-profile" "/tmp/rust_mozprofile.jLBc5fMGaJYf"
*** You are running in headless mode.
1543180456148	Marionette	INFO	Listening on port 34317
1543180456238	Marionette	WARN	TLS certificate errors will be ignored for this session
1543180465081	Marionette	INFO	Stopped listening on port 34317

###!!! [Child][RunMessage] Error: Channel closing: too late to send/recv, messages will be lost

[Parent 11187, Gecko_IOThread] WARNING: pipe error (69): Connection reset by peer: file /builddir/firefox-63.0.3/ipc/chromium/src/chrome/common/ipc_channel_posix.cc, line 356
[Parent 11187, Gecko_IOThread] WARNING: pipe error (32): Connection reset by peer: file /builddir/firefox-63.0.3/ipc/chromium/src/chrome/common/ipc_channel_posix.cc, line 356
1543180505621	mozrunner::runner	INFO	Running command: "/usr/bin/firefox" "-marionette" "-headless" "-foreground" "-no-remote" "-profile" "/tmp/rust_mozprofile.2aXqTx6frRvh"
*** You are running in headless mode.
1543180507137	Marionette	INFO	Listening on port 37643
1543180507230	Marionette	WARN	TLS certificate errors will be ignored for this session
1543180515913	Marionette	INFO	Stopped listening on port 37643
[Parent 11825, Gecko_IOThread] WARNING: pipe error (69): Connection reset by peer: file /builddir/firefox-63.0.3/ipc/chromium/src/chrome/common/ipc_channel_posix.cc, line 356
[Parent 11825, Gecko_IOThread] WARNING: pipe error (68): Connection reset by peer: file /builddir/firefox-63.0.3/ipc/chromium/src/chrome/common/ipc_channel_posix.cc, line 356
1543180543420	mozrunner::runner	INFO	Running command: "/usr/bin/firefox" "-marionette" "-headless" "-foreground" "-no-remote" "-profile" "/tmp/rust_mozprofile.TUDnuvlD1YRJ"
*** You are running in headless mode.
1543180544940	Marionette	INFO	Listening on port 34361
1543180545029	Marionette	WARN	TLS certificate errors will be ignored for this session
1543180554683	Marionette	INFO	Stopped listening on port 34361
[Parent 12324, Gecko_IOThread] WARNING: pipe error (69): Connection reset by peer: file /builddir/firefox-63.0.3/ipc/chromium/src/chrome/common/ipc_channel_posix.cc, line 356
[Parent 12324, Gecko_IOThread] WARNING: pipe error (32): Connection reset by peer: file /builddir/firefox-63.0.3/ipc/chromium/src/chrome/common/ipc_channel_posix.cc, line 356
1543180670667	mozrunner::runner	INFO	Running command: "/usr/bin/firefox" "-marionette" "-headless" "-foreground" "-no-remote" "-profile" "/tmp/rust_mozprofile.NfQcVSTOZWL8"
*** You are running in headless mode.
1543180672180	Marionette	INFO	Listening on port 37235
1543180672275	Marionette	WARN	TLS certificate errors will be ignored for this session
1543180681157	Marionette	INFO	Stopped listening on port 37235
[Parent 13401, Gecko_IOThread] WARNING: pipe error (69): Connection reset by peer: file /builddir/firefox-63.0.3/ipc/chromium/src/chrome/common/ipc_channel_posix.cc, line 356
1543180710112	mozrunner::runner	INFO	Running command: "/usr/bin/firefox" "-marionette" "-headless" "-foreground" "-no-remote" "-profile" "/tmp/rust_mozprofile.cnhYLss0ymrK"
*** You are running in headless mode.
1543180711679	Marionette	INFO	Listening on port 43295
1543180711723	Marionette	WARN	TLS certificate errors will be ignored for this session
1543180720947	Marionette	INFO	Stopped listening on port 43295
JavaScript error: resource://gre/modules/WebProgressChild.jsm, line 58: TypeError: this.mm.content is null
[Parent 14046, Gecko_IOThread] WARNING: pipe error (69): Connection reset by peer: file /builddir/firefox-63.0.3/ipc/chromium/src/chrome/common/ipc_channel_posix.cc, line 356
[Parent 14046, Gecko_IOThread] WARNING: pipe error (73): Connection reset by peer: file /builddir/firefox-63.0.3/ipc/chromium/src/chrome/common/ipc_channel_posix.cc, line 356
1543180742179	mozrunner::runner	INFO	Running command: "/usr/bin/firefox" "-marionette" "-headless" "-foreground" "-no-remote" "-profile" "/tmp/rust_mozprofile.BKmhPGjLbVsw"
*** You are running in headless mode.
1543180743694	Marionette	INFO	Listening on port 43839
1543180743787	Marionette	WARN	TLS certificate errors will be ignored for this session
1543180752993	Marionette	INFO	Stopped listening on port 43839
[Parent 14678, Gecko_IOThread] WARNING: pipe error (69): Connection reset by peer: file /builddir/firefox-63.0.3/ipc/chromium/src/chrome/common/ipc_channel_posix.cc, line 356
[Parent 14678, Gecko_IOThread] WARNING: pipe error (75): Connection reset by peer: file /builddir/firefox-63.0.3/ipc/chromium/src/chrome/common/ipc_channel_posix.cc, line 356
1543180780385	mozrunner::runner	INFO	Running command: "/usr/bin/firefox" "-marionette" "-headless" "-foreground" "-no-remote" "-profile" "/tmp/rust_mozprofile.IamX5W2Y9J0V"
*** You are running in headless mode.
1543180781932	Marionette	INFO	Listening on port 45385
1543180781992	Marionette	WARN	TLS certificate errors will be ignored for this session
1543180791158	Marionette	INFO	Stopped listening on port 45385
[Parent 15320, Gecko_IOThread] WARNING: pipe error (69): Connection reset by peer: file /builddir/firefox-63.0.3/ipc/chromium/src/chrome/common/ipc_channel_posix.cc, line 356
[Parent 15320, Gecko_IOThread] WARNING: pipe error (73): Connection reset by peer: file /builddir/firefox-63.0.3/ipc/chromium/src/chrome/common/ipc_channel_posix.cc, line 356
1543181043436	mozrunner::runner	INFO	Running command: "/usr/bin/firefox" "-marionette" "-headless" "-foreground" "-no-remote" "-profile" "/tmp/rust_mozprofile.Js09j937OHqk"
*** You are running in headless mode.
1543181045036	Marionette	INFO	Listening on port 39187
1543181045045	Marionette	WARN	TLS certificate errors will be ignored for this session
1543181054985	Marionette	INFO	Stopped listening on port 39187
[Parent 17264, Gecko_IOThread] WARNING: pipe error (69): Connection reset by peer: file /builddir/firefox-63.0.3/ipc/chromium/src/chrome/common/ipc_channel_posix.cc, line 356
[Parent 17264, Gecko_IOThread] WARNING: pipe error (75): Connection reset by peer: file /builddir/firefox-63.0.3/ipc/chromium/src/chrome/common/ipc_channel_posix.cc, line 356
1543181081188	mozrunner::runner	INFO	Running command: "/usr/bin/firefox" "-marionette" "-headless" "-foreground" "-no-remote" "-profile" "/tmp/rust_mozprofile.79G402Lmon9i"
*** You are running in headless mode.
1543181082765	Marionette	INFO	Listening on port 40437
1543181082803	Marionette	WARN	TLS certificate errors will be ignored for this session
console.error: BroadcastService: 
  receivedBroadcastMessage: handler for
  remote-settings/monitor_changes
  threw error:
  Message: Error: Polling for changes failed: NetworkError when attempting to fetch resource..
  Stack:
    remoteSettingsFunction/remoteSettings.pollChanges@resource://services-settings/remote-settings.js:721:13

1543181146075	mozrunner::runner	INFO	Running command: "/usr/bin/firefox" "-marionette" "-headless" "-foreground" "-no-remote" "-profile" "/tmp/rust_mozprofile.yLHKscVGH33t"
*** You are running in headless mode.
1543181147737	Marionette	INFO	Listening on port 38743
1543181147784	Marionette	WARN	TLS certificate errors will be ignored for this session
console.error: BroadcastService: 
  receivedBroadcastMessage: handler for
  remote-settings/monitor_changes
  threw error:
  Message: Error: Polling for changes failed: NetworkError when attempting to fetch resource..
  Stack:
    remoteSettingsFunction/remoteSettings.pollChanges@resource://services-settings/remote-settings.js:721:13

1543181235101	mozrunner::runner	INFO	Running command: "/usr/bin/firefox" "-marionette" "-headless" "-foreground" "-no-remote" "-profile" "/tmp/rust_mozprofile.xMNEAdsEbWE5"
*** You are running in headless mode.
1543181236725	Marionette	INFO	Listening on port 35349
1543181236808	Marionette	WARN	TLS certificate errors will be ignored for this session
console.error: BroadcastService: 
  receivedBroadcastMessage: handler for
  remote-settings/monitor_changes
  threw error:
  Message: Error: Polling for changes failed: NetworkError when attempting to fetch resource..
  Stack:
    remoteSettingsFunction/remoteSettings.pollChanges@resource://services-settings/remote-settings.js:721:13

1543181277419	mozrunner::runner	INFO	Running command: "/usr/bin/firefox" "-marionette" "-headless" "-foreground" "-no-remote" "-profile" "/tmp/rust_mozprofile.XHfGi8ORV5LU"
*** You are running in headless mode.
1543181279074	Marionette	INFO	Listening on port 39043
1543181279127	Marionette	WARN	TLS certificate errors will be ignored for this session
console.error: BroadcastService: 
  receivedBroadcastMessage: handler for
  remote-settings/monitor_changes
  threw error:
  Message: Error: Polling for changes failed: NetworkError when attempting to fetch resource..
  Stack:
    remoteSettingsFunction/remoteSettings.pollChanges@resource://services-settings/remote-settings.js:721:13

1543181436521	mozrunner::runner	INFO	Running command: "/usr/bin/firefox" "-marionette" "-headless" "-foreground" "-no-remote" "-profile" "/tmp/rust_mozprofile.d7Uy9k0RxbR7"
*** You are running in headless mode.
1543181439837	Marionette	INFO	Listening on port 45387
1543181439848	Marionette	WARN	TLS certificate errors will be ignored for this session
console.error: BroadcastService: 
  receivedBroadcastMessage: handler for
  remote-settings/monitor_changes
  threw error:
  Message: Error: Polling for changes failed: NetworkError when attempting to fetch resource..
  Stack:
    remoteSettingsFunction/remoteSettings.pollChanges@resource://services-settings/remote-settings.js:721:13

1543181485586	mozrunner::runner	INFO	Running command: "/usr/bin/firefox" "-marionette" "-headless" "-foreground" "-no-remote" "-profile" "/tmp/rust_mozprofile.oRUraSyhREIS"
*** You are running in headless mode.
1543181493248	Marionette	INFO	Listening on port 40429
1543181493451	Marionette	WARN	TLS certificate errors will be ignored for this session
1543181511680	Marionette	INFO	Stopped listening on port 40429
